[debug] [2017-09-26T14:16:56.952Z] ----------------------------------------------------------------------
[debug] [2017-09-26T14:16:56.954Z] Command:       /usr/local/Cellar/node@6/6.11.1/bin/node /usr/local/bin/firebase deploy
[debug] [2017-09-26T14:16:56.955Z] CLI Version:   3.12.0
[debug] [2017-09-26T14:16:56.955Z] Platform:      darwin
[debug] [2017-09-26T14:16:56.955Z] Node Version:  v6.11.1
[debug] [2017-09-26T14:16:56.956Z] Time:          Tue Sep 26 2017 10:16:56 GMT-0400 (EDT)
[debug] [2017-09-26T14:16:56.956Z] ----------------------------------------------------------------------
[debug] 
[debug] [2017-09-26T14:16:56.968Z] > command requires scopes: ["email","openid","https://www.googleapis.com/auth/cloudplatformprojects.readonly","https://www.googleapis.com/auth/firebase","https://www.googleapis.com/auth/cloud-platform"]
[debug] [2017-09-26T14:16:56.968Z] > authorizing via signed-in user
[debug] [2017-09-26T14:16:56.970Z] > refreshing access token with scopes: ["email","https://www.googleapis.com/auth/cloud-platform","https://www.googleapis.com/auth/cloudplatformprojects.readonly","https://www.googleapis.com/auth/firebase","openid"]
[debug] [2017-09-26T14:16:56.970Z] >>> HTTP REQUEST POST https://www.googleapis.com/oauth2/v3/token { refresh_token: '1/Ik2vECID_eDjxPCbTACktYBtAx95n2-z9yYYJfN22-w',
  client_id: '563584335869-fgrhgmd47bqnekij5i8b5pr03ho849e6.apps.googleusercontent.com',
  client_secret: 'j9iVZfS8kkCEFUPaAeJV0sAi',
  grant_type: 'refresh_token',
  scope: 'email https://www.googleapis.com/auth/cloud-platform https://www.googleapis.com/auth/cloudplatformprojects.readonly https://www.googleapis.com/auth/firebase openid' } 
 Tue Sep 26 2017 10:16:56 GMT-0400 (EDT)
[debug] [2017-09-26T14:16:57.126Z] <<< HTTP RESPONSE 200
[debug] [2017-09-26T14:16:57.140Z] >>> HTTP REQUEST GET https://admin.firebase.com/v1/projects/fir-cms-76f54  
 Tue Sep 26 2017 10:16:57 GMT-0400 (EDT)
[debug] [2017-09-26T14:16:57.622Z] <<< HTTP RESPONSE 200
[debug] [2017-09-26T14:16:57.624Z] >>> HTTP REQUEST GET https://admin.firebase.com/v1/database/fir-cms-76f54/tokens  
 Tue Sep 26 2017 10:16:57 GMT-0400 (EDT)
[debug] [2017-09-26T14:16:58.223Z] <<< HTTP RESPONSE 200
[info] 
[info] === Deploying to 'fir-cms-76f54'...
[info] 
[info] i  deploying database, functions, hosting
[info] ✔  database: rules ready to deploy.
[debug] [2017-09-26T14:16:58.632Z] > [functions] package.json contents: {
  "name": "stripe-functions",
  "description": "Stripe Firebase Functions",
  "dependencies": {
    "@google-cloud/logging": "^0.7.1",
    "firebase-admin": "^4.0.5",
    "firebase-functions": "^0.5.1",
    "stripe": "^4.15.0",
    "nodemailer": "^4.0.1",
    "@angular/animations": "^4.3.6",
    "@angular/cdk": "^2.0.0-beta.8",
    "@angular/common": "^4.3.6",
    "@angular/compiler": "^4.3.6",
    "@angular/core": "^4.3.6",
    "@angular/forms": "^4.3.6",
    "@angular/http": "^4.3.6",
    "@angular/material": "^2.0.0-beta.8",
    "@angular/platform-browser": "^4.3.6",
    "@angular/platform-browser-dynamic": "^4.3.6",
    "@angular/router": "^4.3.6",
    "angularfire2": "4.0.0-rc.1",
    "core-js": "^2.4.1",
    "enhanced-resolve": "^3.3.0",
    "firebase": "^4.1.3",
    "hammerjs": "^2.0.8",
    "ng2-ckeditor": "^1.1.9",
    "ng2-dnd": "^4.2.0",
    "rxjs": "^5.1.0",
    "zone.js": "^0.8.4",
    "fs": "0.0.1-security"
  }
}
[info] i  functions: ensuring necessary APIs are enabled...
[info] i  runtimeconfig: ensuring necessary APIs are enabled...
[debug] [2017-09-26T14:16:58.633Z] >>> HTTP REQUEST GET https://servicemanagement.googleapis.com/v1/services/cloudfunctions.googleapis.com/projectSettings/fir-cms-76f54?view=CONSUMER_VIEW  
 Tue Sep 26 2017 10:16:58 GMT-0400 (EDT)
[debug] [2017-09-26T14:16:58.634Z] >>> HTTP REQUEST GET https://servicemanagement.googleapis.com/v1/services/runtimeconfig.googleapis.com/projectSettings/fir-cms-76f54?view=CONSUMER_VIEW  
 Tue Sep 26 2017 10:16:58 GMT-0400 (EDT)
[debug] [2017-09-26T14:16:59.230Z] <<< HTTP RESPONSE 200
[info] ✔  runtimeconfig: all necessary APIs are enabled
[debug] [2017-09-26T14:16:59.243Z] <<< HTTP RESPONSE 200
[info] ✔  functions: all necessary APIs are enabled
[debug] [2017-09-26T14:16:59.244Z] >>> HTTP REQUEST GET https://appengine.googleapis.com/v1/apps/fir-cms-76f54  
 Tue Sep 26 2017 10:16:59 GMT-0400 (EDT)
[debug] [2017-09-26T14:16:59.244Z] >>> HTTP REQUEST GET https://apikeys.googleapis.com/v1/projects/fir-cms-76f54/apiKeys  
 Tue Sep 26 2017 10:16:59 GMT-0400 (EDT)
[debug] [2017-09-26T14:16:59.529Z] <<< HTTP RESPONSE 200
[debug] [2017-09-26T14:16:59.601Z] <<< HTTP RESPONSE 200
